<?xml version="1.0" encoding="UTF-8"?>
<!-- Generated by org.testng.reporters.JUnitXMLReporter -->
<testsuite ignored="0" hostname="NDSL034" failures="0" tests="3" name="Default test" time="21.322" errors="0" timestamp="2025-08-11T18:26:55 IST">
  <testcase classname="mainPack.DragAndDropTest" name="drag3to1" time="2.757"/>
  <testcase classname="mainPack.DragAndDropTest" name="dragAB" time="1.893"/>
  <testcase classname="mainPack.DragAndDropTest" name="flieup" time="2.302"/>
</testsuite> <!-- Default test -->
