<?xml version="1.0" encoding="UTF-8"?>
<!-- Generated by org.testng.reporters.JUnitXMLReporter -->
<testsuite ignored="0" hostname="NDSL034" failures="0" tests="3" name="Test" time="19.215" errors="0" timestamp="2025-08-11T18:32:48 IST">
  <testcase classname="mainPack.DragAndDropTest" name="drag3to1" time="2.726"/>
  <testcase classname="mainPack.DragAndDropTest" name="dragAB" time="1.964"/>
  <testcase classname="mainPack.DragAndDropTest" name="flieup" time="1.589"/>
</testsuite> <!-- Test -->
